<?xml version="1.0" encoding="UTF-8"?>
<!-- Generated by org.testng.reporters.JUnitReportReporter -->
<testsuite skipped="0" hostname="Garima" name="testCases.ReadAllProduct" tests="1" failures="0" timestamp="16 Aug 2022 00:49:52 GMT" time="1.643" errors="0">
  <testcase name="readALlProducts" time="1.643" classname="testCases.ReadAllProduct"/>
</testsuite> <!-- testCases.ReadAllProduct -->
